d:\myprogramming\opengl\rayengine\blankproject\intermediate\debug\vc143.pdb
d:\myprogramming\opengl\rayengine\blankproject\intermediate\debug\vc143.idb
d:\myprogramming\opengl\rayengine\blankproject\intermediate\debug\glad_wgl.obj
d:\myprogramming\opengl\rayengine\blankproject\intermediate\debug\glad.obj
d:\myprogramming\opengl\rayengine\blankproject\intermediate\debug\imgui_widgets.obj
d:\myprogramming\opengl\rayengine\blankproject\intermediate\debug\imgui_tables.obj
d:\myprogramming\opengl\rayengine\blankproject\intermediate\debug\imgui_impl_win32.obj
d:\myprogramming\opengl\rayengine\blankproject\intermediate\debug\imgui_impl_opengl3.obj
d:\myprogramming\opengl\rayengine\blankproject\intermediate\debug\imgui_draw.obj
d:\myprogramming\opengl\rayengine\blankproject\intermediate\debug\imgui_demo.obj
d:\myprogramming\opengl\rayengine\blankproject\intermediate\debug\imgui.obj
d:\myprogramming\opengl\rayengine\blankproject\intermediate\debug\blankproject.pch
d:\myprogramming\opengl\rayengine\blankproject\intermediate\debug\blankproject.obj
d:\myprogramming\opengl\rayengine\blankproject\intermediate\debug\blankproject.res
d:\myprogramming\opengl\rayengine\\build\debug\blankproject.pdb
d:\myprogramming\opengl\rayengine\\blankproject\intermediate\debug\blankproject.vcxproj.filelistabsolute.txt
d:\myprogramming\opengl\rayengine\blankproject\intermediate\debug\blankproject.tlog\cl.command.1.tlog
d:\myprogramming\opengl\rayengine\blankproject\intermediate\debug\blankproject.tlog\cl.read.1.tlog
d:\myprogramming\opengl\rayengine\blankproject\intermediate\debug\blankproject.tlog\cl.write.1.tlog
d:\myprogramming\opengl\rayengine\blankproject\intermediate\debug\blankproject.tlog\link.9452-cvtres.read.1.tlog
d:\myprogramming\opengl\rayengine\blankproject\intermediate\debug\blankproject.tlog\link.9452-cvtres.write.1.tlog
d:\myprogramming\opengl\rayengine\blankproject\intermediate\debug\blankproject.tlog\link.9452-rc.read.1.tlog
d:\myprogramming\opengl\rayengine\blankproject\intermediate\debug\blankproject.tlog\link.9452-rc.write.1.tlog
d:\myprogramming\opengl\rayengine\blankproject\intermediate\debug\blankproject.tlog\link.9452.read.1.tlog
d:\myprogramming\opengl\rayengine\blankproject\intermediate\debug\blankproject.tlog\link.9452.read.2.tlog
d:\myprogramming\opengl\rayengine\blankproject\intermediate\debug\blankproject.tlog\link.9452.write.1.tlog
d:\myprogramming\opengl\rayengine\blankproject\intermediate\debug\blankproject.tlog\link.command.1.tlog
d:\myprogramming\opengl\rayengine\blankproject\intermediate\debug\blankproject.tlog\link.read.1.tlog
d:\myprogramming\opengl\rayengine\blankproject\intermediate\debug\blankproject.tlog\link.write.1.tlog
d:\myprogramming\opengl\rayengine\blankproject\intermediate\debug\blankproject.tlog\rc.command.1.tlog
d:\myprogramming\opengl\rayengine\blankproject\intermediate\debug\blankproject.tlog\rc.read.1.tlog
d:\myprogramming\opengl\rayengine\blankproject\intermediate\debug\blankproject.tlog\rc.write.1.tlog
