d:\myprogramming\rayengine\e5\rayengine\ray\intermediate\debug\ray.pch
d:\myprogramming\rayengine\e5\rayengine\ray\intermediate\debug\vc143.pdb
d:\myprogramming\rayengine\e5\rayengine\ray\intermediate\debug\vc143.idb
d:\myprogramming\rayengine\e5\rayengine\ray\intermediate\debug\cmdlineargs.obj
d:\myprogramming\rayengine\e5\rayengine\ray\intermediate\debug\logger.obj
d:\myprogramming\rayengine\e5\rayengine\ray\intermediate\debug\time.obj
d:\myprogramming\rayengine\e5\rayengine\ray\intermediate\debug\core.obj
d:\myprogramming\rayengine\e5\rayengine\ray\intermediate\debug\coredefinitions.obj
d:\myprogramming\rayengine\e5\rayengine\ray\intermediate\debug\coreminimal.obj
d:\myprogramming\rayengine\e5\rayengine\ray\intermediate\debug\pergamesettings.obj
d:\myprogramming\rayengine\e5\rayengine\ray\intermediate\debug\rengine.obj
d:\myprogramming\rayengine\e5\rayengine\ray\intermediate\debug\simulation.obj
d:\myprogramming\rayengine\e5\rayengine\ray\intermediate\debug\splashscreen.obj
d:\myprogramming\rayengine\e5\rayengine\ray\intermediate\debug\w32caption.obj
d:\myprogramming\rayengine\e5\rayengine\ray\intermediate\debug\w32iapplication.obj
d:\myprogramming\rayengine\e5\rayengine\ray\intermediate\debug\w32subobject.obj
d:\myprogramming\rayengine\e5\rayengine\ray\intermediate\debug\w32win32utils.obj
d:\myprogramming\rayengine\e5\rayengine\ray\intermediate\debug\w32window.obj
d:\myprogramming\rayengine\e5\rayengine\ray\intermediate\debug\ray.obj
d:\myprogramming\rayengine\e5\rayengine\ray\intermediate\debug\ray.ilk
d:\myprogramming\rayengine\e5\rayengine\build\debug\ray.dll
d:\myprogramming\rayengine\e5\rayengine\build\debug\ray.pdb
d:\myprogramming\rayengine\e5\rayengine\build\debug\ray.lib
d:\myprogramming\rayengine\e5\rayengine\build\debug\ray.exp
d:\myprogramming\rayengine\e5\rayengine\\build\debug\ray.pdb
d:\myprogramming\rayengine\e5\rayengine\\ray\intermediate\debug\ray.vcxproj.filelistabsolute.txt
d:\myprogramming\rayengine\e5\rayengine\ray\intermediate\debug\ray.tlog\cl.command.1.tlog
d:\myprogramming\rayengine\e5\rayengine\ray\intermediate\debug\ray.tlog\cl.read.1.tlog
d:\myprogramming\rayengine\e5\rayengine\ray\intermediate\debug\ray.tlog\cl.write.1.tlog
d:\myprogramming\rayengine\e5\rayengine\ray\intermediate\debug\ray.tlog\link.command.1.tlog
d:\myprogramming\rayengine\e5\rayengine\ray\intermediate\debug\ray.tlog\link.read.1.tlog
d:\myprogramming\rayengine\e5\rayengine\ray\intermediate\debug\ray.tlog\link.write.1.tlog
d:\myprogramming\rayengine\e5\rayengine\ray\intermediate\debug\ray.tlog\ray.write.1u.tlog
