d:\myprogramming2\rayengine\ray\intermediate\release\vc143.pdb
d:\myprogramming2\rayengine\ray\intermediate\release\glad_wgl.obj
d:\myprogramming2\rayengine\ray\intermediate\release\glad.obj
d:\myprogramming2\rayengine\ray\intermediate\release\imgui_widgets.obj
d:\myprogramming2\rayengine\ray\intermediate\release\imgui_tables.obj
d:\myprogramming2\rayengine\ray\intermediate\release\imgui_impl_win32.obj
d:\myprogramming2\rayengine\ray\intermediate\release\imgui_impl_opengl3.obj
d:\myprogramming2\rayengine\ray\intermediate\release\imgui_draw.obj
d:\myprogramming2\rayengine\ray\intermediate\release\imgui_demo.obj
d:\myprogramming2\rayengine\ray\intermediate\release\imgui.obj
d:\myprogramming2\rayengine\ray\intermediate\release\ray.pch
d:\myprogramming2\rayengine\ray\intermediate\release\cmdlineargs.obj
d:\myprogramming2\rayengine\ray\intermediate\release\logger.obj
d:\myprogramming2\rayengine\ray\intermediate\release\time.obj
d:\myprogramming2\rayengine\ray\intermediate\release\core.obj
d:\myprogramming2\rayengine\ray\intermediate\release\coredefinitions.obj
d:\myprogramming2\rayengine\ray\intermediate\release\coreminimal.obj
d:\myprogramming2\rayengine\ray\intermediate\release\pergamesettings.obj
d:\myprogramming2\rayengine\ray\intermediate\release\rengine.obj
d:\myprogramming2\rayengine\ray\intermediate\release\simulation.obj
d:\myprogramming2\rayengine\ray\intermediate\release\splashscreen.obj
d:\myprogramming2\rayengine\ray\intermediate\release\camera.obj
d:\myprogramming2\rayengine\ray\intermediate\release\floatingcamera.obj
d:\myprogramming2\rayengine\ray\intermediate\release\fps_camera.obj
d:\myprogramming2\rayengine\ray\intermediate\release\framebuffer.obj
d:\myprogramming2\rayengine\ray\intermediate\release\graphics.obj
d:\myprogramming2\rayengine\ray\intermediate\release\lightingmanager.obj
d:\myprogramming2\rayengine\ray\intermediate\release\primitive.obj
d:\myprogramming2\rayengine\ray\intermediate\release\shaderprogram.obj
d:\myprogramming2\rayengine\ray\intermediate\release\texture.obj
d:\myprogramming2\rayengine\ray\intermediate\release\uniformbuffer.obj
d:\myprogramming2\rayengine\ray\intermediate\release\vao.obj
d:\myprogramming2\rayengine\ray\intermediate\release\w32caption.obj
d:\myprogramming2\rayengine\ray\intermediate\release\w32iapplication.obj
d:\myprogramming2\rayengine\ray\intermediate\release\w32subobject.obj
d:\myprogramming2\rayengine\ray\intermediate\release\w32win32utils.obj
d:\myprogramming2\rayengine\ray\intermediate\release\w32window.obj
d:\myprogramming2\rayengine\ray\intermediate\release\ray.obj
d:\myprogramming2\rayengine\ray\intermediate\release\assetmanager.obj
d:\myprogramming2\rayengine\ray\intermediate\release\ui.obj
d:\myprogramming2\rayengine\build\release\ray.lib
d:\myprogramming2\rayengine\build\release\ray.exp
d:\myprogramming2\rayengine\ray\intermediate\release\ray.ipdb
d:\myprogramming2\rayengine\ray\intermediate\release\ray.iobj
d:\myprogramming2\rayengine\\build\release\ray.pdb
d:\myprogramming2\rayengine\\ray\intermediate\release\ray.vcxproj.filelistabsolute.txt
d:\myprogramming2\rayengine\ray\intermediate\release\ray.tlog\cl.command.1.tlog
d:\myprogramming2\rayengine\ray\intermediate\release\ray.tlog\cl.items.tlog
d:\myprogramming2\rayengine\ray\intermediate\release\ray.tlog\cl.read.1.tlog
d:\myprogramming2\rayengine\ray\intermediate\release\ray.tlog\cl.write.1.tlog
d:\myprogramming2\rayengine\ray\intermediate\release\ray.tlog\link.command.1.tlog
d:\myprogramming2\rayengine\ray\intermediate\release\ray.tlog\link.delete.1.tlog
d:\myprogramming2\rayengine\ray\intermediate\release\ray.tlog\link.read.1.tlog
d:\myprogramming2\rayengine\ray\intermediate\release\ray.tlog\link.write.1.tlog
d:\myprogramming2\rayengine\ray\intermediate\release\ray.tlog\link.write.2u.tlog
