  BlankProject.cpp
D:\MyProgramming\OpenGL\RayEngine\Ray\Source\Platform\Win32\w32WinEntry.h(55,21): warning C4244: "Argument": Konvertierung von "_Rep" in "float", möglicher Datenverlust
          with
          [
              _Rep=double
          ]
D:\MyProgramming\OpenGL\RayEngine\BlankProject\Source\BlankProject.cpp(179,19): warning C4244: "+=": Konvertierung von "double" in "float", möglicher Datenverlust
D:\MyProgramming\OpenGL\RayEngine\BlankProject\Source\BlankProject.cpp(199,82): warning C4244: "Argument": Konvertierung von "T" in "int", möglicher Datenverlust
          with
          [
              T=float
          ]
D:\MyProgramming\OpenGL\RayEngine\BlankProject\Source\BlankProject.cpp(199,36): warning C4244: "Argument": Konvertierung von "T" in "int", möglicher Datenverlust
          with
          [
              T=float
          ]
  Code wird generiert.
  1 of 841 functions ( 0.1%) were compiled, the rest were copied from previous compilation.
    0 functions were new in current compilation
    5 functions had inline decision re-evaluated but remain unchanged
  Codegenerierung ist abgeschlossen.
  BlankProject.vcxproj -> D:\MyProgramming\OpenGL\RayEngine\Build\Release\BlankProject.exe
