d:\myprogramming\opengl\rayengine\blankproject\intermediate\release\vc143.pdb
d:\myprogramming\opengl\rayengine\blankproject\intermediate\release\glad_wgl.obj
d:\myprogramming\opengl\rayengine\blankproject\intermediate\release\glad.obj
d:\myprogramming\opengl\rayengine\blankproject\intermediate\release\imgui_widgets.obj
d:\myprogramming\opengl\rayengine\blankproject\intermediate\release\imgui_tables.obj
d:\myprogramming\opengl\rayengine\blankproject\intermediate\release\imgui_impl_win32.obj
d:\myprogramming\opengl\rayengine\blankproject\intermediate\release\imgui_impl_opengl3.obj
d:\myprogramming\opengl\rayengine\blankproject\intermediate\release\imgui_draw.obj
d:\myprogramming\opengl\rayengine\blankproject\intermediate\release\imgui_demo.obj
d:\myprogramming\opengl\rayengine\blankproject\intermediate\release\imgui.obj
d:\myprogramming\opengl\rayengine\blankproject\intermediate\release\blankproject.pch
d:\myprogramming\opengl\rayengine\blankproject\intermediate\release\blankproject.obj
d:\myprogramming\opengl\rayengine\build\release\blankproject.exe
d:\myprogramming\opengl\rayengine\blankproject\intermediate\release\blankproject.ipdb
d:\myprogramming\opengl\rayengine\build\release\blankproject.pdb
d:\myprogramming\opengl\rayengine\blankproject\intermediate\release\blankproject.iobj
d:\myprogramming\opengl\rayengine\blankproject\intermediate\release\blankproject.res
d:\myprogramming\opengl\rayengine\\build\release\blankproject.pdb
d:\myprogramming\opengl\rayengine\\blankproject\intermediate\release\blankproject.vcxproj.filelistabsolute.txt
d:\myprogramming\opengl\rayengine\blankproject\intermediate\release\blankproject.tlog\cl.command.1.tlog
d:\myprogramming\opengl\rayengine\blankproject\intermediate\release\blankproject.tlog\cl.read.1.tlog
d:\myprogramming\opengl\rayengine\blankproject\intermediate\release\blankproject.tlog\cl.write.1.tlog
d:\myprogramming\opengl\rayengine\blankproject\intermediate\release\blankproject.tlog\link.command.1.tlog
d:\myprogramming\opengl\rayengine\blankproject\intermediate\release\blankproject.tlog\link.read.1.tlog
d:\myprogramming\opengl\rayengine\blankproject\intermediate\release\blankproject.tlog\link.write.1.tlog
d:\myprogramming\opengl\rayengine\blankproject\intermediate\release\blankproject.tlog\rc.command.1.tlog
d:\myprogramming\opengl\rayengine\blankproject\intermediate\release\blankproject.tlog\rc.read.1.tlog
d:\myprogramming\opengl\rayengine\blankproject\intermediate\release\blankproject.tlog\rc.write.1.tlog
